# ./configure 
BUILDSUF=''
CMDLINE_SELECT='
    
    encoders
    decoders
    parsers
    muxers
    demuxers
    amr
    amr_nb
    amr_nb_fixed
    amr_wb
    audio_beos
    audio_oss
    avisynth
    beos_netserver
    bktr
    dc1394
    dv1394
    ffmpeg
    ffplay
    ffserver
    gpl
    gprof
    ipv6
    liba52
    liba52bin
    libdts
    libfaac
    libfaad
    libfaadbin
    libgsm
    libmp3lame
    libnut
    libogg
    libtheora
    libvorbis
    memalign_hack
    mpegaudio_hp
    network
    powerpc_perf
    pp
    protocols
    swscaler
    vhook
    v4l
    v4l2
    wince
    x11grab
    x264
    xvid
    zlib

    
    altivec
    armv5te
    armv6
    iwmmxt
    mmi
    mmx

    
    beosthreads
    os2threads
    pthreads
    w32threads

    amr_if2
    debug
    extra_warnings
    shared
    static
'
COLORFGBG='0;15'
CONFIG_LIST='
    encoders
    decoders
    parsers
    muxers
    demuxers
    amr
    amr_nb
    amr_nb_fixed
    amr_wb
    audio_beos
    audio_oss
    avisynth
    beos_netserver
    bktr
    dc1394
    dv1394
    ffmpeg
    ffplay
    ffserver
    gpl
    gprof
    ipv6
    liba52
    liba52bin
    libdts
    libfaac
    libfaad
    libfaadbin
    libgsm
    libmp3lame
    libnut
    libogg
    libtheora
    libvorbis
    memalign_hack
    mpegaudio_hp
    network
    powerpc_perf
    pp
    protocols
    swscaler
    vhook
    v4l
    v4l2
    wince
    x11grab
    x264
    xvid
    zlib
'
DBUS_SESSION_BUS_ADDRESS='unix:abstract=/tmp/dbus-LRP8A0wdgV,guid=69671ad983865a90c9fc835900000271'
DECODER_LIST='aasc_decoder
asv1_decoder
asv2_decoder
avs_decoder
bmp_decoder
cavs_decoder
cinepak_decoder
cljr_decoder
cscd_decoder
cyuv_decoder
dca_decoder
dsicinvideo_decoder
dvvideo_decoder
eightbps_decoder
ffv1_decoder
ffvhuff_decoder
flashsv_decoder
flic_decoder
flv_decoder
fourxm_decoder
fraps_decoder
gif_decoder
h261_decoder
h263_decoder
h263i_decoder
h264_decoder
huffyuv_decoder
idcin_decoder
indeo2_decoder
indeo3_decoder
interplay_video_decoder
kmvc_decoder
loco_decoder
mdec_decoder
mjpeg_decoder
mjpegb_decoder
mmvideo_decoder
mpeg_xvmc_decoder
mpeg1video_decoder
mpeg2video_decoder
mpeg4_decoder
mpegvideo_decoder
msmpeg4v1_decoder
msmpeg4v2_decoder
msmpeg4v3_decoder
msrle_decoder
msvideo1_decoder
mszh_decoder
nuv_decoder
png_decoder
qdraw_decoder
qpeg_decoder
qtrle_decoder
rawvideo_decoder
roq_decoder
rpza_decoder
rv10_decoder
rv20_decoder
smacker_decoder
smc_decoder
snow_decoder
sp5x_decoder
svq1_decoder
svq3_decoder
targa_decoder
theora_decoder
tiertexseqvideo_decoder
tiff_decoder
truemotion1_decoder
truemotion2_decoder
tscc_decoder
ulti_decoder
vc1_decoder
vcr1_decoder
vmdvideo_decoder
vmnc_decoder
vp3_decoder
vp5_decoder
vp6_decoder
vp6f_decoder
vqa_decoder
wmv1_decoder
wmv2_decoder
wmv3_decoder
wnv1_decoder
xan_wc3_decoder
xl_decoder
zlib_decoder
zmbv_decoder
aac_decoder
mpeg4aac_decoder
alac_decoder
amr_nb_decoder
amr_wb_decoder
cook_decoder
dsicinaudio_decoder
dts_decoder
flac_decoder
imc_decoder
liba52_decoder
libgsm_decoder
libgsm_ms_decoder
mace3_decoder
mace6_decoder
mp2_decoder
mp3_decoder
mp3adu_decoder
mp3on4_decoder
mpc7_decoder
oggvorbis_decoder
qdm2_decoder
ra_144_decoder
ra_288_decoder
shorten_decoder
smackaud_decoder
sonic_decoder
truespeech_decoder
tta_decoder
vmdaudio_decoder
vorbis_decoder
wavpack_decoder
wmav1_decoder
wmav2_decoder
ws_snd1_decoder
pcm_alaw_decoder
pcm_mulaw_decoder
pcm_s8_decoder
pcm_s16be_decoder
pcm_s16le_decoder
pcm_s24be_decoder
pcm_s24daud_decoder
pcm_s24le_decoder
pcm_s32be_decoder
pcm_s32le_decoder
pcm_u8_decoder
pcm_u16be_decoder
pcm_u16le_decoder
pcm_u24be_decoder
pcm_u24le_decoder
pcm_u32be_decoder
pcm_u32le_decoder
interplay_dpcm_decoder
roq_dpcm_decoder
sol_dpcm_decoder
xan_dpcm_decoder
adpcm_4xm_decoder
adpcm_adx_decoder
adpcm_ct_decoder
adpcm_ea_decoder
adpcm_g726_decoder
adpcm_ima_dk3_decoder
adpcm_ima_dk4_decoder
adpcm_ima_qt_decoder
adpcm_ima_smjpeg_decoder
adpcm_ima_wav_decoder
adpcm_ima_ws_decoder
adpcm_ms_decoder
adpcm_sbpro_2_decoder
adpcm_sbpro_3_decoder
adpcm_sbpro_4_decoder
adpcm_swf_decoder
adpcm_xa_decoder
adpcm_yamaha_decoder
dvbsub_decoder
dvdsub_decoder'
DEFAULTS_PATH='/usr/share/gconf/default.default.path'
DEMUXER_LIST='aac_demuxer
ac3_demuxer
aiff_demuxer
amr_demuxer
asf_demuxer
au_demuxer
audio_demuxer
avi_demuxer
avs_demuxer
daud_demuxer
dc1394_demuxer
dsicin_demuxer
dts_demuxer
dv_demuxer
dv1394_demuxer
ea_demuxer
ffm_demuxer
flac_demuxer
flic_demuxer
flv_demuxer
fourxm_demuxer
gif_demuxer
gxf_demuxer
h261_demuxer
h263_demuxer
h264_demuxer
idcin_demuxer
image2_demuxer
image2pipe_demuxer
ingenient_demuxer
ipmovie_demuxer
libnut_demuxer
m4v_demuxer
matroska_demuxer
mjpeg_demuxer
mm_demuxer
mmf_demuxer
mov_demuxer
mp3_demuxer
mpc_demuxer
mpegps_demuxer
mpegts_demuxer
mpegvideo_demuxer
mtv_demuxer
mxf_demuxer
nsv_demuxer
nut_demuxer
nuv_demuxer
ogg_demuxer
pcm_alaw_demuxer
pcm_mulaw_demuxer
pcm_s16be_demuxer
pcm_s16le_demuxer
pcm_s8_demuxer
pcm_u16be_demuxer
pcm_u16le_demuxer
pcm_u8_demuxer
rawvideo_demuxer
rm_demuxer
roq_demuxer
redir_demuxer
rtsp_demuxer
sdp_demuxer
segafilm_demuxer
shorten_demuxer
smacker_demuxer
sol_demuxer
str_demuxer
swf_demuxer
tiertexseq_demuxer
tta_demuxer
v4l2_demuxer
vc1_demuxer
video_grab_device_demuxer
vmd_demuxer
voc_demuxer
wav_demuxer
wc3_demuxer
wsaud_demuxer
wsvqa_demuxer
wv_demuxer
x11_grab_device_demuxer
yuv4mpegpipe_demuxer'
DESKTOP_SESSION='default'
DISPLAY=':0'
DM_CONTROL='/var/run/xdmctl'
E1='0'
E2='2'
EDITOR=''
ENCODER_LIST='asv1_encoder
asv2_encoder
bmp_encoder
dvvideo_encoder
ffv1_encoder
ffvhuff_encoder
flashsv_encoder
flv_encoder
gif_encoder
h261_encoder
h263_encoder
h263p_encoder
huffyuv_encoder
jpegls_encoder
ljpeg_encoder
mjpeg_encoder
mpeg1video_encoder
mpeg2video_encoder
mpeg4_encoder
msmpeg4v1_encoder
msmpeg4v2_encoder
msmpeg4v3_encoder
pam_encoder
pbm_encoder
pgm_encoder
pgmyuv_encoder
png_encoder
ppm_encoder
rawvideo_encoder
rv10_encoder
rv20_encoder
snow_encoder
svq1_encoder
wmv1_encoder
wmv2_encoder
x264_encoder
xvid_encoder
zlib_encoder
zmbv_encoder
ac3_encoder
amr_nb_encoder
amr_wb_encoder
faac_encoder
flac_encoder
libgsm_encoder
libgsm_ms_encoder
libtheora_encoder
mp2_encoder
mp3lame_encoder
oggvorbis_encoder
sonic_encoder
sonic_ls_encoder
vorbis_encoder
wmav1_encoder
wmav2_encoder
pcm_alaw_encoder
pcm_mulaw_encoder
pcm_s8_encoder
pcm_s16be_encoder
pcm_s16le_encoder
pcm_s24be_encoder
pcm_s24daud_encoder
pcm_s24le_encoder
pcm_s32be_encoder
pcm_s32le_encoder
pcm_u8_encoder
pcm_u16be_encoder
pcm_u16le_encoder
pcm_u24be_encoder
pcm_u24le_encoder
pcm_u32be_encoder
pcm_u32le_encoder
adpcm_4xm_encoder
adpcm_adx_encoder
adpcm_ct_encoder
adpcm_ea_encoder
adpcm_g726_encoder
adpcm_ima_dk3_encoder
adpcm_ima_dk4_encoder
adpcm_ima_qt_encoder
adpcm_ima_smjpeg_encoder
adpcm_ima_wav_encoder
adpcm_ima_ws_encoder
adpcm_ms_encoder
adpcm_sbpro_2_encoder
adpcm_sbpro_3_encoder
adpcm_sbpro_4_encoder
adpcm_swf_encoder
adpcm_xa_encoder
adpcm_yamaha_encoder
dvbsub_encoder
dvdsub_encoder'
EXESUF=''
FFLDFLAGS='-Wl,--warn-common'
FFMPEG_CONFIGURATION=''
FFSERVERLDFLAGS='-Wl,-E'
GPGKEY='3F375FD8'
GS_LIB='/home/michael/.fonts'
GTK2_RC_FILES='/etc/gtk-2.0/gtkrc:/home/michael/.gtkrc-2.0:/home/michael/.gtkrc-2.0-kde:/home/michael/.kde/share/config/gtkrc-2.0'
GTK_RC_FILES='/etc/gtk/gtkrc:/home/michael/.gtkrc:/home/michael/.kde/share/config/gtkrc'
HAVE_LIST='
    
    beosthreads
    os2threads
    pthreads
    w32threads

    altivec
    altivec_h
    armv5te
    armv6
    byteswap_h
    cmov
    dcbzl
    dev_bktr_ioctl_bt848_h
    dev_bktr_ioctl_meteor_h
    dev_ic_bt8xx_h
    dev_video_meteor_ioctl_meteor_h
    dev_video_bktr_ioctl_bt848_h
    dlfcn_h
    dlopen
    fast_64bit
    fast_cmov
    freetype2
    imlib2
    inet_aton
    iwmmxt
    localtime_r
    lrintf
    machine_ioctl_bt848_h
    machine_ioctl_meteor_h
    malloc_h
    memalign
    mlib
    mmi
    mmx
    os2
    sdl
    sdl_video_size
    soundcard_h
    sys_poll_h
    sys_soundcard_h
    threads
'
HISTCONTROL='ignoreboth'
HOME='/home/michael'
IFS=' 	
'
KATE_PID='12070'
KDE_FULL_SESSION='true'
KDE_MULTIHEAD='false'
KDE_SESSION_UID='1002'
KDE_SESSION_VERSION='4'
KONSOLE_DBUS_SERVICE=':1.706'
KONSOLE_DBUS_SESSION='/Sessions/2'
LANG='fr_FR.UTF-8'
LANGUAGE=''
LDCONFIG='ldconfig'
LDLATEFLAGS='-Wl,--as-needed -Wl,-rpath-link,\$(BUILD_ROOT)/libavcodec -Wl,-rpath-link,\$(BUILD_ROOT)/libavformat -Wl,-rpath-link,\$(BUILD_ROOT)/libavutil'
LESSCLOSE='/usr/bin/lesspipe %s %s'
LESSOPEN='| /usr/bin/lesspipe %s'
LIB='$(LIBPREF)$(NAME)$(LIBSUF)'
LIBOBJFLAGS=''
LIBPREF='lib'
LIBSUF='.a'
LIB_INSTALL_EXTRA_CMD='$(RANLIB) "$(libdir)/$(LIB)"'
LOGNAME='michael'
LS_COLORS='rs=0:di=01;34:ln=01;36:mh=00:pi=40;33:so=01;35:do=01;35:bd=40;33;01:cd=40;33;01:or=40;31;01:su=37;41:sg=30;43:ca=30;41:tw=30;42:ow=34;42:st=37;44:ex=01;32:*.tar=01;31:*.tgz=01;31:*.arj=01;31:*.taz=01;31:*.lzh=01;31:*.lzma=01;31:*.tlz=01;31:*.txz=01;31:*.zip=01;31:*.z=01;31:*.Z=01;31:*.dz=01;31:*.gz=01;31:*.lz=01;31:*.xz=01;31:*.bz2=01;31:*.bz=01;31:*.tbz=01;31:*.tbz2=01;31:*.tz=01;31:*.deb=01;31:*.rpm=01;31:*.jar=01;31:*.rar=01;31:*.ace=01;31:*.zoo=01;31:*.cpio=01;31:*.7z=01;31:*.rz=01;31:*.jpg=01;35:*.jpeg=01;35:*.gif=01;35:*.bmp=01;35:*.pbm=01;35:*.pgm=01;35:*.ppm=01;35:*.tga=01;35:*.xbm=01;35:*.xpm=01;35:*.tif=01;35:*.tiff=01;35:*.png=01;35:*.svg=01;35:*.svgz=01;35:*.mng=01;35:*.pcx=01;35:*.mov=01;35:*.mpg=01;35:*.mpeg=01;35:*.m2v=01;35:*.mkv=01;35:*.ogm=01;35:*.mp4=01;35:*.m4v=01;35:*.mp4v=01;35:*.vob=01;35:*.qt=01;35:*.nuv=01;35:*.wmv=01;35:*.asf=01;35:*.rm=01;35:*.rmvb=01;35:*.flc=01;35:*.avi=01;35:*.fli=01;35:*.flv=01;35:*.gl=01;35:*.dl=01;35:*.xcf=01;35:*.xwd=01;35:*.yuv=01;35:*.cgm=01;35:*.emf=01;35:*.axv=01;35:*.anx=01;35:*.ogv=01;35:*.ogx=01;35:*.aac=00;36:*.au=00;36:*.flac=00;36:*.mid=00;36:*.midi=00;36:*.mka=00;36:*.mp3=00;36:*.mpc=00;36:*.ogg=00;36:*.ra=00;36:*.wav=00;36:*.axa=00;36:*.oga=00;36:*.spx=00;36:*.xspf=00;36:'
MAKEFLAGS=''
MAKELEVEL='1'
MANDATORY_PATH='/usr/share/gconf/default.mandatory.path'
MFLAGS=''
MUXER_LIST='ac3_muxer
adts_muxer
aiff_muxer
amr_muxer
asf_muxer
asf_stream_muxer
au_muxer
audio_muxer
avi_muxer
crc_muxer
dv_muxer
ffm_muxer
flac_muxer
flv_muxer
framecrc_muxer
gif_muxer
gxf_muxer
h261_muxer
h263_muxer
h264_muxer
image2_muxer
image2pipe_muxer
libnut_muxer
m4v_muxer
mjpeg_muxer
mmf_muxer
mov_muxer
mp2_muxer
mp3_muxer
mp4_muxer
mpeg1system_muxer
mpeg1vcd_muxer
mpeg1video_muxer
mpeg2dvd_muxer
mpeg2svcd_muxer
mpeg2video_muxer
mpeg2vob_muxer
mpegts_muxer
mpjpeg_muxer
null_muxer
ogg_muxer
pcm_alaw_muxer
pcm_mulaw_muxer
pcm_s16be_muxer
pcm_s16le_muxer
pcm_s8_muxer
pcm_u16be_muxer
pcm_u16le_muxer
pcm_u8_muxer
psp_muxer
rawvideo_muxer
rm_muxer
rtp_muxer
swf_muxer
tg2_muxer
tgp_muxer
voc_muxer
wav_muxer
yuv4mpegpipe_muxer'
OLDPWD='/home/programs/ndmanager-plugins/src/process_extractleds'
OPTIND='1'
PARSER_LIST='aac_parser
ac3_parser
cavsvideo_parser
dca_parser
dvbsub_parser
dvdsub_parser
h261_parser
h263_parser
h264_parser
mjpeg_parser
mpeg4video_parser
mpegaudio_parser
mpegvideo_parser
pnm_parser
vc1_parser'
PATH='/home/michael/bin:/opt/trinity/bin:/usr/local/sbin:/usr/local/bin:/usr/sbin:/usr/bin:/sbin:/bin:/usr/games'
PPID='24004'
PREFIX='/usr/local'
PROFILEHOME=''
PS1='$ '
PS2='> '
PS4='+ '
PWD='/home/programs/ndmanager-plugins/src/process_extractleds/ffmpeg-0.cvs20070307'
QT_GRAPHICSSYSTEM='raster'
QT_PLUGIN_PATH='/home/michael/.kde/lib/kde4/plugins/:/usr/lib/kde4/plugins/'
SESSION_MANAGER='local/synapse:@/tmp/.ICE-unix/4427,unix/synapse:/tmp/.ICE-unix/4427'
SHELL='/bin/bash'
SHELL_SESSION_ID='8738ff3610a5400098e358185761a2fe'
SHFLAGS='-shared -Wl,-soname,$@'
SHLVL='1'
SLIBNAME='$(SLIBPREF)$(NAME)$(SLIBSUF)'
SLIBNAME_WITH_MAJOR='$(SLIBNAME).$(LIBMAJOR)'
SLIBNAME_WITH_VERSION='$(SLIBNAME).$(LIBVERSION)'
SLIBPREF='lib'
SLIBSUF='.so'
SSH_AGENT_PID='4338'
SSH_AUTH_SOCK='/tmp/ssh-ThyKzirt4293/agent.4293'
TARGET_LIST='
    altivec
    armv5te
    armv6
    iwmmxt
    mmi
    mmx
'
TERM='xterm'
THREADS_LIST='
    beosthreads
    os2threads
    pthreads
    w32threads
'
TMPC='/tmp/ffmpeg-conf--24005-.c'
TMPDIR1='/tmp'
TMPE='/tmp/ffmpeg-conf--24005-'
TMPH='/tmp/ffmpeg-conf--24005-.h'
TMPO='/tmp/ffmpeg-conf--24005-.o'
TMPS='/tmp/ffmpeg-conf--24005-.S'
UBUNTU_MENUPROXY='libappmenu.so'
USER='michael'
VHOOKSHFLAGS='$(SHFLAGS)'
WINDOWID='161480722'
WINDOWPATH='7'
XCURSOR_THEME='Shere_Khan_X'
XDG_CONFIG_DIRS='/etc/xdg/xdg-default:/etc/xdg'
XDG_DATA_DIRS='/usr/share/default:/usr/local/share/:/usr/share/'
XDG_SESSION_COOKIE='2e48168a5e8366fa5306e4c500000008-1334132514.354835-1017398729'
XDM_MANAGED='method=classic'
_='/usr/bin/make'
aac_decoder='yes'
aac_decoder_deps='libfaad'
aac_demuxer='yes'
aac_parser='yes'
aasc_decoder='yes'
ac3_demuxer='yes'
ac3_encoder='yes'
ac3_muxer='yes'
ac3_parser='yes'
adpcm_4xm_decoder='yes'
adpcm_4xm_encoder='yes'
adpcm_adx_decoder='yes'
adpcm_adx_encoder='yes'
adpcm_ct_decoder='yes'
adpcm_ct_encoder='yes'
adpcm_ea_decoder='yes'
adpcm_ea_encoder='yes'
adpcm_g726_decoder='yes'
adpcm_g726_encoder='yes'
adpcm_ima_dk3_decoder='yes'
adpcm_ima_dk3_encoder='yes'
adpcm_ima_dk4_decoder='yes'
adpcm_ima_dk4_encoder='yes'
adpcm_ima_qt_decoder='yes'
adpcm_ima_qt_encoder='yes'
adpcm_ima_smjpeg_decoder='yes'
adpcm_ima_smjpeg_encoder='yes'
adpcm_ima_wav_decoder='yes'
adpcm_ima_wav_encoder='yes'
adpcm_ima_ws_decoder='yes'
adpcm_ima_ws_encoder='yes'
adpcm_ms_decoder='yes'
adpcm_ms_encoder='yes'
adpcm_sbpro_2_decoder='yes'
adpcm_sbpro_2_encoder='yes'
adpcm_sbpro_3_decoder='yes'
adpcm_sbpro_3_encoder='yes'
adpcm_sbpro_4_decoder='yes'
adpcm_sbpro_4_encoder='yes'
adpcm_swf_decoder='yes'
adpcm_swf_encoder='yes'
adpcm_xa_decoder='yes'
adpcm_xa_encoder='yes'
adpcm_yamaha_decoder='yes'
adpcm_yamaha_encoder='yes'
adts_muxer='yes'
aiff_demuxer='yes'
aiff_muxer='yes'
alac_decoder='yes'
altivec='default'
amr_demuxer='yes'
amr_if2='no'
amr_muxer='yes'
amr_nb='no'
amr_nb_decoder='yes'
amr_nb_decoder_deps_any='amr_nb amr_nb_fixed'
amr_nb_encoder='yes'
amr_nb_encoder_deps_any='amr_nb amr_nb_fixed'
amr_nb_fixed='no'
amr_wb='no'
amr_wb_decoder='yes'
amr_wb_decoder_deps='amr_wb'
amr_wb_encoder='yes'
amr_wb_encoder_deps='amr_wb'
ar='ar'
arch='x86_64'
armv5te='default'
armv6='default'
asf_demuxer='yes'
asf_muxer='yes'
asf_stream_muxer='yes'
asmalign_pot='unknown'
asv1_decoder='yes'
asv1_encoder='yes'
asv2_decoder='yes'
asv2_encoder='yes'
au_demuxer='yes'
au_muxer='yes'
audio_beos='default'
audio_demuxer='yes'
audio_demuxer_deps_any='audio_oss audio_beos'
audio_muxer='yes'
audio_muxer_deps_any='audio_oss audio_beos'
audio_oss='yes'
avi_demuxer='yes'
avi_muxer='yes'
avisynth='no'
avs_decoder='yes'
avs_demuxer='yes'
beos_netserver='no'
beosthreads='no'
bigendian='no'
bindir='${PREFIX}/bin'
bktr='yes'
bmp_decoder='yes'
bmp_encoder='yes'
canon_arch='x86_64'
cavs_decoder='yes'
cavsvideo_parser='yes'
cc='gcc'
cinepak_decoder='yes'
cljr_decoder='yes'
cmov='no'
cook_decoder='yes'
cpu='generic'
crc_muxer='yes'
cross_compile='no'
cross_prefix=''
cscd_decoder='yes'
cyuv_decoder='yes'
daud_demuxer='yes'
dc1394='no'
dc1394_demuxer='yes'
dc1394_demuxer_deps='dc1394'
dca_decoder='yes'
dca_parser='yes'
dcbzl='no'
debug='yes'
dlfcn_h='no'
dlopen='no'
dostrip='yes'
dsicin_demuxer='yes'
dsicinaudio_decoder='yes'
dsicinvideo_decoder='yes'
dts_decoder='yes'
dts_decoder_deps='libdts'
dts_demuxer='yes'
dv1394='yes'
dv1394_demuxer='yes'
dv1394_demuxer_deps='dv1394'
dv_demuxer='yes'
dv_muxer='yes'
dvbsub_decoder='yes'
dvbsub_encoder='yes'
dvbsub_parser='yes'
dvdsub_decoder='yes'
dvdsub_encoder='yes'
dvdsub_parser='yes'
dvvideo_decoder='yes'
dvvideo_encoder='yes'
ea_demuxer='yes'
eightbps_decoder='yes'
extra_warnings='no'
extralibs=' -lm'
faac_encoder='yes'
faac_encoder_deps='libfaac'
fast_64bit='yes'
fast_cmov='no'
ffm_demuxer='yes'
ffm_muxer='yes'
ffmpeg='yes'
ffplay='yes'
ffplay_deps='sdl'
ffserver='yes'
ffserver_deps='network protocols muxers'
ffv1_decoder='yes'
ffv1_encoder='yes'
ffvhuff_decoder='yes'
ffvhuff_encoder='yes'
flac_decoder='yes'
flac_demuxer='yes'
flac_encoder='yes'
flac_muxer='yes'
flashsv_decoder='yes'
flashsv_decoder_deps='zlib'
flashsv_encoder='yes'
flashsv_encoder_deps='zlib'
flic_decoder='yes'
flic_demuxer='yes'
flv_decoder='yes'
flv_demuxer='yes'
flv_encoder='yes'
flv_muxer='yes'
fourxm_decoder='yes'
fourxm_demuxer='yes'
framecrc_muxer='yes'
fraps_decoder='yes'
gif_decoder='yes'
gif_demuxer='yes'
gif_encoder='yes'
gif_muxer='yes'
gpl='no'
gprof='no'
gxf_demuxer='yes'
gxf_muxer='yes'
gxf_muxer_deps='gpl'
h261_decoder='yes'
h261_demuxer='yes'
h261_encoder='yes'
h261_muxer='yes'
h261_parser='yes'
h263_decoder='yes'
h263_demuxer='yes'
h263_encoder='yes'
h263_muxer='yes'
h263_parser='yes'
h263i_decoder='yes'
h263p_encoder='yes'
h264_decoder='yes'
h264_demuxer='yes'
h264_muxer='yes'
h264_parser='yes'
huffyuv_decoder='yes'
huffyuv_encoder='yes'
idcin_decoder='yes'
idcin_demuxer='yes'
image2_demuxer='yes'
image2_muxer='yes'
image2pipe_demuxer='yes'
image2pipe_muxer='yes'
imc_decoder='yes'
incdir='${PREFIX}/include/ffmpeg'
indeo2_decoder='yes'
indeo3_decoder='yes'
ingenient_demuxer='yes'
interplay_dpcm_decoder='yes'
interplay_video_decoder='yes'
ipmovie_demuxer='yes'
ipv6='yes'
iwmmxt='default'
jpegls_encoder='yes'
kmvc_decoder='yes'
liba52='no'
liba52_decoder='yes'
liba52_decoder_deps='liba52'
liba52bin='no'
libdir='${PREFIX}/lib'
libdts='no'
libfaac='no'
libfaad='no'
libfaad2='no'
libfaadbin='no'
libgsm='no'
libgsm_decoder='yes'
libgsm_decoder_deps='libgsm'
libgsm_encoder='yes'
libgsm_encoder_deps='libgsm'
libgsm_ms_decoder='yes'
libgsm_ms_decoder_deps='libgsm'
libgsm_ms_encoder='yes'
libgsm_ms_encoder_deps='libgsm'
libmp3lame='no'
libnut='no'
libnut_demuxer='yes'
libnut_demuxer_deps='libnut'
libnut_muxer='yes'
libnut_muxer_deps='libnut'
libogg='no'
libtheora='no'
libtheora_encoder='yes'
libtheora_encoder_deps='libtheora'
libvorbis='no'
ljpeg_encoder='yes'
loco_decoder='yes'
logfile='config.err'
logging='yes'
m4v_demuxer='yes'
m4v_muxer='yes'
mace3_decoder='yes'
mace6_decoder='yes'
make='make'
mandir='${PREFIX}/man'
matroska_demuxer='yes'
mdec_decoder='yes'
memalign_hack='no'
mjpeg_decoder='yes'
mjpeg_demuxer='yes'
mjpeg_encoder='yes'
mjpeg_muxer='yes'
mjpeg_parser='yes'
mjpegb_decoder='yes'
mlib='no'
mm_demuxer='yes'
mmf_demuxer='yes'
mmf_muxer='yes'
mmi='default'
mmvideo_decoder='yes'
mmx='default'
mov_demuxer='yes'
mov_muxer='yes'
mp2_decoder='yes'
mp2_encoder='yes'
mp2_muxer='yes'
mp3_decoder='yes'
mp3_demuxer='yes'
mp3_muxer='yes'
mp3adu_decoder='yes'
mp3lame_encoder='yes'
mp3lame_encoder_deps='libmp3lame'
mp3on4_decoder='yes'
mp4_muxer='yes'
mpc7_decoder='yes'
mpc_demuxer='yes'
mpeg1system_muxer='yes'
mpeg1vcd_muxer='yes'
mpeg1video_decoder='yes'
mpeg1video_encoder='yes'
mpeg1video_muxer='yes'
mpeg2dvd_muxer='yes'
mpeg2svcd_muxer='yes'
mpeg2video_decoder='yes'
mpeg2video_encoder='yes'
mpeg2video_muxer='yes'
mpeg2vob_muxer='yes'
mpeg4_decoder='yes'
mpeg4_encoder='yes'
mpeg4aac_decoder='yes'
mpeg4aac_decoder_deps='libfaad'
mpeg4video_parser='yes'
mpeg_xvmc_decoder='yes'
mpeg_xvmc_decoder_deps='xvmc'
mpegaudio_hp='yes'
mpegaudio_parser='yes'
mpegps_demuxer='yes'
mpegts_demuxer='yes'
mpegts_muxer='yes'
mpegvideo_decoder='yes'
mpegvideo_demuxer='yes'
mpegvideo_parser='yes'
mpjpeg_muxer='yes'
msmpeg4v1_decoder='yes'
msmpeg4v1_encoder='yes'
msmpeg4v2_decoder='yes'
msmpeg4v2_encoder='yes'
msmpeg4v3_decoder='yes'
msmpeg4v3_encoder='yes'
msrle_decoder='yes'
msvideo1_decoder='yes'
mszh_decoder='yes'
mtv_demuxer='yes'
mxf_demuxer='yes'
network='yes'
network_deps='protocols'
nsv_demuxer='yes'
null_muxer='yes'
nut_demuxer='yes'
nuv_decoder='yes'
nuv_demuxer='yes'
ogg_demuxer='yes'
ogg_muxer='yes'
ogg_muxer_deps='libogg'
oggvorbis_decoder='yes'
oggvorbis_decoder_deps='libvorbis'
oggvorbis_encoder='yes'
oggvorbis_encoder_deps='libvorbis'
optimize='yes'
os2='no'
os2threads='no'
osextralibs='-lm'
pam_encoder='yes'
pbm_encoder='yes'
pcm_alaw_decoder='yes'
pcm_alaw_demuxer='yes'
pcm_alaw_encoder='yes'
pcm_alaw_muxer='yes'
pcm_mulaw_decoder='yes'
pcm_mulaw_demuxer='yes'
pcm_mulaw_encoder='yes'
pcm_mulaw_muxer='yes'
pcm_s16be_decoder='yes'
pcm_s16be_demuxer='yes'
pcm_s16be_encoder='yes'
pcm_s16be_muxer='yes'
pcm_s16le_decoder='yes'
pcm_s16le_demuxer='yes'
pcm_s16le_encoder='yes'
pcm_s16le_muxer='yes'
pcm_s24be_decoder='yes'
pcm_s24be_encoder='yes'
pcm_s24daud_decoder='yes'
pcm_s24daud_encoder='yes'
pcm_s24le_decoder='yes'
pcm_s24le_encoder='yes'
pcm_s32be_decoder='yes'
pcm_s32be_encoder='yes'
pcm_s32le_decoder='yes'
pcm_s32le_encoder='yes'
pcm_s8_decoder='yes'
pcm_s8_demuxer='yes'
pcm_s8_encoder='yes'
pcm_s8_muxer='yes'
pcm_u16be_decoder='yes'
pcm_u16be_demuxer='yes'
pcm_u16be_encoder='yes'
pcm_u16be_muxer='yes'
pcm_u16le_decoder='yes'
pcm_u16le_demuxer='yes'
pcm_u16le_encoder='yes'
pcm_u16le_muxer='yes'
pcm_u24be_decoder='yes'
pcm_u24be_encoder='yes'
pcm_u24le_decoder='yes'
pcm_u24le_encoder='yes'
pcm_u32be_decoder='yes'
pcm_u32be_encoder='yes'
pcm_u32le_decoder='yes'
pcm_u32le_encoder='yes'
pcm_u8_decoder='yes'
pcm_u8_demuxer='yes'
pcm_u8_encoder='yes'
pcm_u8_muxer='yes'
pgm_encoder='yes'
pgmyuv_encoder='yes'
png_decoder='yes'
png_decoder_deps='zlib'
png_encoder='yes'
png_encoder_deps='zlib'
pnm_parser='yes'
powerpc_perf='no'
pp='no'
ppm_encoder='yes'
protocols='yes'
psp_muxer='yes'
pthreads='no'
qdm2_decoder='yes'
qdraw_decoder='yes'
qpeg_decoder='yes'
qtrle_decoder='yes'
ra_144_decoder='yes'
ra_288_decoder='yes'
ranlib='ranlib'
rawvideo_decoder='yes'
rawvideo_demuxer='yes'
rawvideo_encoder='yes'
rawvideo_muxer='yes'
redir_demuxer='yes'
redir_demuxer_deps='network'
rm_demuxer='yes'
rm_muxer='yes'
roq_decoder='yes'
roq_demuxer='yes'
roq_dpcm_decoder='yes'
rpza_decoder='yes'
rtp_muxer='yes'
rtp_muxer_deps='network'
rtsp_demuxer='yes'
rtsp_demuxer_deps='network'
rv10_decoder='yes'
rv10_encoder='yes'
rv20_decoder='yes'
rv20_encoder='yes'
sdp_demuxer='yes'
sdp_demuxer_deps='network'
segafilm_demuxer='yes'
shared='no'
shlibdir='${PREFIX}/lib'
shorten_decoder='yes'
shorten_demuxer='yes'
smackaud_decoder='yes'
smacker_decoder='yes'
smacker_demuxer='yes'
smc_decoder='yes'
snow_decoder='yes'
snow_encoder='yes'
sol_demuxer='yes'
sol_dpcm_decoder='yes'
sonic_decoder='yes'
sonic_encoder='yes'
sonic_ls_encoder='yes'
source_path='/home/programs/ndmanager-plugins/src/process_extractleds/ffmpeg-0.cvs20070307'
source_path_used='no'
sp5x_decoder='yes'
static='yes'
str_demuxer='yes'
strip='strip'
svq1_decoder='yes'
svq1_encoder='yes'
svq3_decoder='yes'
swf_demuxer='yes'
swf_muxer='yes'
swscaler='no'
targa_decoder='yes'
targetos='Linux'
tg2_muxer='yes'
tgp_muxer='yes'
theora_decoder='yes'
thread_type='no'
tiertexseq_demuxer='yes'
tiertexseqvideo_decoder='yes'
tiff_decoder='yes'
truemotion1_decoder='yes'
truemotion2_decoder='yes'
truespeech_decoder='yes'
tscc_decoder='yes'
tta_decoder='yes'
tta_demuxer='yes'
ulti_decoder='yes'
v4l='yes'
v4l2='yes'
v4l2_demuxer='yes'
v4l2_demuxer_deps='v4l2'
value='yes'
var='extralibs'
vc1_decoder='yes'
vc1_demuxer='yes'
vc1_parser='yes'
vcr1_decoder='yes'
vhook='default'
video_grab_device_demuxer='yes'
video_grab_device_demuxer_deps_any='v4l bktr'
vmd_demuxer='yes'
vmdaudio_decoder='yes'
vmdvideo_decoder='yes'
vmnc_decoder='yes'
voc_demuxer='yes'
voc_muxer='yes'
vorbis_decoder='yes'
vorbis_encoder='yes'
vp3_decoder='yes'
vp5_decoder='yes'
vp6_decoder='yes'
vp6f_decoder='yes'
vqa_decoder='yes'
w32threads='no'
wav_demuxer='yes'
wav_muxer='yes'
wavpack_decoder='yes'
wc3_demuxer='yes'
wince='no'
wmav1_decoder='yes'
wmav1_encoder='yes'
wmav2_decoder='yes'
wmav2_encoder='yes'
wmv1_decoder='yes'
wmv1_encoder='yes'
wmv2_decoder='yes'
wmv2_encoder='yes'
wmv3_decoder='yes'
wnv1_decoder='yes'
ws_snd1_decoder='yes'
wsaud_demuxer='yes'
wsvqa_demuxer='yes'
wv_demuxer='yes'
x11_grab_device_demuxer='yes'
x11_grab_device_demuxer_deps='x11grab'
x11grab='no'
x264='no'
x264_encoder='yes'
x264_encoder_deps='x264'
xan_dpcm_decoder='yes'
xan_wc3_decoder='yes'
xl_decoder='yes'
xvid='no'
xvid_encoder='yes'
xvid_encoder_deps='xvid'
yuv4mpegpipe_demuxer='yes'
yuv4mpegpipe_muxer='yes'
zlib='yes'
zlib_decoder='yes'
zlib_encoder='yes'
zmbv_decoder='yes'
zmbv_decoder_deps='zlib'
zmbv_encoder='yes'
zmbv_encoder_deps='zlib'
check_ld
check_cc
BEGIN /tmp/ffmpeg-conf--24005-.c
     1	int main(){
     2	    return 0;
     3	}
END /tmp/ffmpeg-conf--24005-.c
gcc -fomit-frame-pointer -c -o /tmp/ffmpeg-conf--24005-.o /tmp/ffmpeg-conf--24005-.c
gcc -Wl,--warn-common -o /tmp/ffmpeg-conf--24005- /tmp/ffmpeg-conf--24005-.o -lm
check_header altivec.h
check_cpp
BEGIN /tmp/ffmpeg-conf--24005-.c
     1	#include <altivec.h>
     2	int x;
END /tmp/ffmpeg-conf--24005-.c
gcc -fomit-frame-pointer -E -o /tmp/ffmpeg-conf--24005-.o /tmp/ffmpeg-conf--24005-.c
/tmp/ffmpeg-conf--24005-.c:1:21: erreur fatale: altivec.h : Aucun fichier ou dossier de ce type
compilation terminée.
check_ld
check_cc
BEGIN /tmp/ffmpeg-conf--24005-.c
     1	#include <inttypes.h>
     2	int main(int argc, char ** argv){
     3	        volatile uint32_t i=0x01234567;
     4	        return (*((uint8_t*)(&i))) == 0x67;
     5	}
END /tmp/ffmpeg-conf--24005-.c
gcc -fomit-frame-pointer -c -o /tmp/ffmpeg-conf--24005-.o /tmp/ffmpeg-conf--24005-.c
gcc -Wl,--warn-common -o /tmp/ffmpeg-conf--24005- /tmp/ffmpeg-conf--24005-.o -lm
check_header malloc.h
check_cpp
BEGIN /tmp/ffmpeg-conf--24005-.c
     1	#include <malloc.h>
     2	int x;
END /tmp/ffmpeg-conf--24005-.c
gcc -fomit-frame-pointer -E -o /tmp/ffmpeg-conf--24005-.o /tmp/ffmpeg-conf--24005-.c
check_func memalign
check_ld
check_cc
BEGIN /tmp/ffmpeg-conf--24005-.c
     1	extern int memalign();
     2	int main(){
     3	    memalign();
     4	}
END /tmp/ffmpeg-conf--24005-.c
gcc -fomit-frame-pointer -c -o /tmp/ffmpeg-conf--24005-.o /tmp/ffmpeg-conf--24005-.c
gcc -Wl,--warn-common -o /tmp/ffmpeg-conf--24005- /tmp/ffmpeg-conf--24005-.o -lm
check_header byteswap.h
check_cpp
BEGIN /tmp/ffmpeg-conf--24005-.c
     1	#include <byteswap.h>
     2	int x;
END /tmp/ffmpeg-conf--24005-.c
gcc -fomit-frame-pointer -E -o /tmp/ffmpeg-conf--24005-.o /tmp/ffmpeg-conf--24005-.c
check_func inet_aton
check_ld
check_cc
BEGIN /tmp/ffmpeg-conf--24005-.c
     1	extern int inet_aton();
     2	int main(){
     3	    inet_aton();
     4	}
END /tmp/ffmpeg-conf--24005-.c
gcc -fomit-frame-pointer -c -o /tmp/ffmpeg-conf--24005-.o /tmp/ffmpeg-conf--24005-.c
gcc -Wl,--warn-common -o /tmp/ffmpeg-conf--24005- /tmp/ffmpeg-conf--24005-.o -lm
check_func localtime_r
check_ld
check_cc
BEGIN /tmp/ffmpeg-conf--24005-.c
     1	extern int localtime_r();
     2	int main(){
     3	    localtime_r();
     4	}
END /tmp/ffmpeg-conf--24005-.c
gcc -fomit-frame-pointer -c -o /tmp/ffmpeg-conf--24005-.o /tmp/ffmpeg-conf--24005-.c
gcc -Wl,--warn-common -o /tmp/ffmpeg-conf--24005- /tmp/ffmpeg-conf--24005-.o -lm
check_lib zlib.h zlibVersion -lz
check_header zlib.h
check_cpp
BEGIN /tmp/ffmpeg-conf--24005-.c
     1	#include <zlib.h>
     2	int x;
END /tmp/ffmpeg-conf--24005-.c
gcc -fomit-frame-pointer -E -o /tmp/ffmpeg-conf--24005-.o /tmp/ffmpeg-conf--24005-.c
check_func zlibVersion
check_ld
check_cc
BEGIN /tmp/ffmpeg-conf--24005-.c
     1	extern int zlibVersion();
     2	int main(){
     3	    zlibVersion();
     4	}
END /tmp/ffmpeg-conf--24005-.c
gcc -fomit-frame-pointer -c -o /tmp/ffmpeg-conf--24005-.o /tmp/ffmpeg-conf--24005-.c
gcc -Wl,--warn-common -o /tmp/ffmpeg-conf--24005- /tmp/ffmpeg-conf--24005-.o -lm -lz
check_header sys/poll.h
check_cpp
BEGIN /tmp/ffmpeg-conf--24005-.c
     1	#include <sys/poll.h>
     2	int x;
END /tmp/ffmpeg-conf--24005-.c
gcc -fomit-frame-pointer -E -o /tmp/ffmpeg-conf--24005-.o /tmp/ffmpeg-conf--24005-.c
check_ld
check_cc
BEGIN /tmp/ffmpeg-conf--24005-.c
     1	#define _ISOC9X_SOURCE  1
     2	#include <math.h>
     3	int main( void ) { return (lrintf(3.999f) > 0)?0:1; }
END /tmp/ffmpeg-conf--24005-.c
gcc -fomit-frame-pointer -c -o /tmp/ffmpeg-conf--24005-.o /tmp/ffmpeg-conf--24005-.c
gcc -Wl,--warn-common -o /tmp/ffmpeg-conf--24005- /tmp/ffmpeg-conf--24005-.o -lm -lz
check_cc
BEGIN /tmp/ffmpeg-conf--24005-.c
     1	void foo(char * restrict p);
END /tmp/ffmpeg-conf--24005-.c
gcc -fomit-frame-pointer -c -o /tmp/ffmpeg-conf--24005-.o /tmp/ffmpeg-conf--24005-.c
/tmp/ffmpeg-conf--24005-.c:1:26: erreur: expected ‘;’, ‘,’ or ‘)’ before ‘p’
check_cc
BEGIN /tmp/ffmpeg-conf--24005-.c
     1	void foo(char * __restrict__ p);
END /tmp/ffmpeg-conf--24005-.c
gcc -fomit-frame-pointer -c -o /tmp/ffmpeg-conf--24005-.o /tmp/ffmpeg-conf--24005-.c
check_header dlfcn.h
check_cpp
BEGIN /tmp/ffmpeg-conf--24005-.c
     1	#include <dlfcn.h>
     2	int x;
END /tmp/ffmpeg-conf--24005-.c
gcc -fomit-frame-pointer -E -o /tmp/ffmpeg-conf--24005-.o /tmp/ffmpeg-conf--24005-.c
check_func dlopen
check_ld
check_cc
BEGIN /tmp/ffmpeg-conf--24005-.c
     1	extern int dlopen();
     2	int main(){
     3	    dlopen();
     4	}
END /tmp/ffmpeg-conf--24005-.c
gcc -fomit-frame-pointer -c -o /tmp/ffmpeg-conf--24005-.o /tmp/ffmpeg-conf--24005-.c
gcc -Wl,--warn-common -o /tmp/ffmpeg-conf--24005- /tmp/ffmpeg-conf--24005-.o -lm -lz
/tmp/ffmpeg-conf--24005-.o: In function `main':
ffmpeg-conf--24005-.c:(.text+0xa): undefined reference to `dlopen'
collect2: ld a retourné 1 code d'état d'exécution
check_func dlopen -ldl
check_ld -ldl
check_cc
BEGIN /tmp/ffmpeg-conf--24005-.c
     1	extern int dlopen();
     2	int main(){
     3	    dlopen();
     4	}
END /tmp/ffmpeg-conf--24005-.c
gcc -fomit-frame-pointer -c -o /tmp/ffmpeg-conf--24005-.o /tmp/ffmpeg-conf--24005-.c
gcc -Wl,--warn-common -ldl -o /tmp/ffmpeg-conf--24005- /tmp/ffmpeg-conf--24005-.o -lm -lz
/tmp/ffmpeg-conf--24005-.o: In function `main':
ffmpeg-conf--24005-.c:(.text+0xa): undefined reference to `dlopen'
collect2: ld a retourné 1 code d'état d'exécution
imlib2-config --version
./configure: 1: imlib2-config: not found
freetype-config --version
12.2.6
check_lib ft2build.h FT_Init_FreeType
check_header ft2build.h
check_cpp
BEGIN /tmp/ffmpeg-conf--24005-.c
     1	#include <ft2build.h>
     2	int x;
END /tmp/ffmpeg-conf--24005-.c
gcc -fomit-frame-pointer -I/usr/include/freetype2 -E -o /tmp/ffmpeg-conf--24005-.o /tmp/ffmpeg-conf--24005-.c
check_func FT_Init_FreeType
check_ld
check_cc
BEGIN /tmp/ffmpeg-conf--24005-.c
     1	extern int FT_Init_FreeType();
     2	int main(){
     3	    FT_Init_FreeType();
     4	}
END /tmp/ffmpeg-conf--24005-.c
gcc -fomit-frame-pointer -I/usr/include/freetype2 -c -o /tmp/ffmpeg-conf--24005-.o /tmp/ffmpeg-conf--24005-.c
gcc -Wl,--warn-common -o /tmp/ffmpeg-conf--24005- /tmp/ffmpeg-conf--24005-.o -lm -lz -L/usr/lib/x86_64-linux-gnu -lfreetype -lz
check_lib SDL.h SDL_Init
check_header SDL.h
check_cpp
BEGIN /tmp/ffmpeg-conf--24005-.c
     1	#include <SDL.h>
     2	int x;
END /tmp/ffmpeg-conf--24005-.c
gcc -fomit-frame-pointer -I/usr/include/SDL -D_GNU_SOURCE=1 -D_REENTRANT -E -o /tmp/ffmpeg-conf--24005-.o /tmp/ffmpeg-conf--24005-.c
check_func SDL_Init
check_ld
check_cc
BEGIN /tmp/ffmpeg-conf--24005-.c
     1	extern int SDL_Init();
     2	int main(){
     3	    SDL_Init();
     4	}
END /tmp/ffmpeg-conf--24005-.c
gcc -fomit-frame-pointer -I/usr/include/SDL -D_GNU_SOURCE=1 -D_REENTRANT -c -o /tmp/ffmpeg-conf--24005-.o /tmp/ffmpeg-conf--24005-.c
gcc -Wl,--warn-common -o /tmp/ffmpeg-conf--24005- /tmp/ffmpeg-conf--24005-.o -lm -lz -L/usr/lib -lSDL
check_cc -I/usr/include/SDL -D_GNU_SOURCE=1 -D_REENTRANT
BEGIN /tmp/ffmpeg-conf--24005-.c
     1	#include <SDL.h>
     2	int main(void){
     3	    const SDL_VideoInfo *vi = SDL_GetVideoInfo();
     4	    int w = vi->current_w;
     5	    return 0;
     6	}
END /tmp/ffmpeg-conf--24005-.c
gcc -fomit-frame-pointer -I/usr/include/SDL -D_GNU_SOURCE=1 -D_REENTRANT -c -o /tmp/ffmpeg-conf--24005-.o /tmp/ffmpeg-conf--24005-.c
check_ld
check_cc
BEGIN /tmp/ffmpeg-conf--24005-.c
     1	#include <sys/types.h>
     2	#include <sys/socket.h>
     3	#include <netinet/in.h>
     4	#include <netdb.h>
     5	int main( void ) {
     6	  struct sockaddr_storage saddr;
     7	  struct ipv6_mreq mreq6;
     8	  getaddrinfo(0,0,0,0);
     9	  getnameinfo(0,0,0,0,0,0,0);
    10	  IN6_IS_ADDR_MULTICAST((const struct in6_addr *)0);
    11	}
END /tmp/ffmpeg-conf--24005-.c
gcc -fomit-frame-pointer -c -o /tmp/ffmpeg-conf--24005-.o /tmp/ffmpeg-conf--24005-.c
gcc -Wl,--warn-common -o /tmp/ffmpeg-conf--24005- /tmp/ffmpeg-conf--24005-.o -lm -lz
check_header linux/videodev.h
check_cpp
BEGIN /tmp/ffmpeg-conf--24005-.c
     1	#include <linux/videodev.h>
     2	int x;
END /tmp/ffmpeg-conf--24005-.c
gcc -fomit-frame-pointer -E -o /tmp/ffmpeg-conf--24005-.o /tmp/ffmpeg-conf--24005-.c
/tmp/ffmpeg-conf--24005-.c:1:28: erreur fatale: linux/videodev.h : Aucun fichier ou dossier de ce type
compilation terminée.
check_header linux/videodev2.h
check_cpp
BEGIN /tmp/ffmpeg-conf--24005-.c
     1	#include <linux/videodev2.h>
     2	int x;
END /tmp/ffmpeg-conf--24005-.c
gcc -fomit-frame-pointer -E -o /tmp/ffmpeg-conf--24005-.o /tmp/ffmpeg-conf--24005-.c
check_header dev/bktr/ioctl_meteor.h
check_cpp
BEGIN /tmp/ffmpeg-conf--24005-.c
     1	#include <dev/bktr/ioctl_meteor.h>
     2	int x;
END /tmp/ffmpeg-conf--24005-.c
gcc -fomit-frame-pointer -E -o /tmp/ffmpeg-conf--24005-.o /tmp/ffmpeg-conf--24005-.c
/tmp/ffmpeg-conf--24005-.c:1:35: erreur fatale: dev/bktr/ioctl_meteor.h : Aucun fichier ou dossier de ce type
compilation terminée.
check_header machine/ioctl_meteor.h
check_cpp
BEGIN /tmp/ffmpeg-conf--24005-.c
     1	#include <machine/ioctl_meteor.h>
     2	int x;
END /tmp/ffmpeg-conf--24005-.c
gcc -fomit-frame-pointer -E -o /tmp/ffmpeg-conf--24005-.o /tmp/ffmpeg-conf--24005-.c
/tmp/ffmpeg-conf--24005-.c:1:34: erreur fatale: machine/ioctl_meteor.h : Aucun fichier ou dossier de ce type
compilation terminée.
check_header dev/video/meteor/ioctl_meteor.h
check_cpp
BEGIN /tmp/ffmpeg-conf--24005-.c
     1	#include <dev/video/meteor/ioctl_meteor.h>
     2	int x;
END /tmp/ffmpeg-conf--24005-.c
gcc -fomit-frame-pointer -E -o /tmp/ffmpeg-conf--24005-.o /tmp/ffmpeg-conf--24005-.c
/tmp/ffmpeg-conf--24005-.c:1:43: erreur fatale: dev/video/meteor/ioctl_meteor.h : Aucun fichier ou dossier de ce type
compilation terminée.
check_header dev/ic/bt8xx.h
check_cpp
BEGIN /tmp/ffmpeg-conf--24005-.c
     1	#include <dev/ic/bt8xx.h>
     2	int x;
END /tmp/ffmpeg-conf--24005-.c
gcc -fomit-frame-pointer -E -o /tmp/ffmpeg-conf--24005-.o /tmp/ffmpeg-conf--24005-.c
/tmp/ffmpeg-conf--24005-.c:1:26: erreur fatale: dev/ic/bt8xx.h : Aucun fichier ou dossier de ce type
compilation terminée.
check_header sys/soundcard.h
check_cpp
BEGIN /tmp/ffmpeg-conf--24005-.c
     1	#include <sys/soundcard.h>
     2	int x;
END /tmp/ffmpeg-conf--24005-.c
gcc -fomit-frame-pointer -E -o /tmp/ffmpeg-conf--24005-.o /tmp/ffmpeg-conf--24005-.c
check_cflags -Wdeclaration-after-statement
check_cc -Wdeclaration-after-statement
BEGIN /tmp/ffmpeg-conf--24005-.c
     1	int x;
END /tmp/ffmpeg-conf--24005-.c
gcc -fomit-frame-pointer -g -Wdeclaration-after-statement -c -o /tmp/ffmpeg-conf--24005-.o /tmp/ffmpeg-conf--24005-.c
check_cflags -Wall
check_cc -Wall
BEGIN /tmp/ffmpeg-conf--24005-.c
     1	int x;
END /tmp/ffmpeg-conf--24005-.c
gcc -fomit-frame-pointer -g -Wdeclaration-after-statement -Wall -c -o /tmp/ffmpeg-conf--24005-.o /tmp/ffmpeg-conf--24005-.c
check_cflags -Wno-switch
check_cc -Wno-switch
BEGIN /tmp/ffmpeg-conf--24005-.c
     1	int x;
END /tmp/ffmpeg-conf--24005-.c
gcc -fomit-frame-pointer -g -Wdeclaration-after-statement -Wall -Wno-switch -c -o /tmp/ffmpeg-conf--24005-.o /tmp/ffmpeg-conf--24005-.c
check_cflags -Wdisabled-optimization
check_cc -Wdisabled-optimization
BEGIN /tmp/ffmpeg-conf--24005-.c
     1	int x;
END /tmp/ffmpeg-conf--24005-.c
gcc -fomit-frame-pointer -g -Wdeclaration-after-statement -Wall -Wno-switch -Wdisabled-optimization -c -o /tmp/ffmpeg-conf--24005-.o /tmp/ffmpeg-conf--24005-.c
check_cflags -Wpointer-arith
check_cc -Wpointer-arith
BEGIN /tmp/ffmpeg-conf--24005-.c
     1	int x;
END /tmp/ffmpeg-conf--24005-.c
gcc -fomit-frame-pointer -g -Wdeclaration-after-statement -Wall -Wno-switch -Wdisabled-optimization -Wpointer-arith -c -o /tmp/ffmpeg-conf--24005-.o /tmp/ffmpeg-conf--24005-.c
check_cflags -Wredundant-decls
check_cc -Wredundant-decls
BEGIN /tmp/ffmpeg-conf--24005-.c
     1	int x;
END /tmp/ffmpeg-conf--24005-.c
gcc -fomit-frame-pointer -g -Wdeclaration-after-statement -Wall -Wno-switch -Wdisabled-optimization -Wpointer-arith -Wredundant-decls -c -o /tmp/ffmpeg-conf--24005-.o /tmp/ffmpeg-conf--24005-.c
check_cflags -Wno-pointer-sign
check_cc -Wno-pointer-sign
BEGIN /tmp/ffmpeg-conf--24005-.c
     1	int x;
END /tmp/ffmpeg-conf--24005-.c
gcc -fomit-frame-pointer -g -Wdeclaration-after-statement -Wall -Wno-switch -Wdisabled-optimization -Wpointer-arith -Wredundant-decls -Wno-pointer-sign -c -o /tmp/ffmpeg-conf--24005-.o /tmp/ffmpeg-conf--24005-.c
check_ldflags -Wl,--as-needed -Wl,-rpath-link,\$(BUILD_ROOT)/libavcodec -Wl,-rpath-link,\$(BUILD_ROOT)/libavformat -Wl,-rpath-link,\$(BUILD_ROOT)/libavutil
check_ld -Wl,--as-needed -Wl,-rpath-link,\$(BUILD_ROOT)/libavcodec -Wl,-rpath-link,\$(BUILD_ROOT)/libavformat -Wl,-rpath-link,\$(BUILD_ROOT)/libavutil
check_cc
BEGIN /tmp/ffmpeg-conf--24005-.c
     1	int main(){
     2	    return 0;
     3	}
END /tmp/ffmpeg-conf--24005-.c
gcc -fomit-frame-pointer -g -Wdeclaration-after-statement -Wall -Wno-switch -Wdisabled-optimization -Wpointer-arith -Wredundant-decls -Wno-pointer-sign -c -o /tmp/ffmpeg-conf--24005-.o /tmp/ffmpeg-conf--24005-.c
gcc -Wl,--warn-common -Wl,--as-needed -Wl,-rpath-link,\$(BUILD_ROOT)/libavcodec -Wl,-rpath-link,\$(BUILD_ROOT)/libavformat -Wl,-rpath-link,\$(BUILD_ROOT)/libavutil -o /tmp/ffmpeg-conf--24005- /tmp/ffmpeg-conf--24005-.o -lm -lz
check_cc
BEGIN /tmp/ffmpeg-conf--24005-.c
     1	asm (".align 3");
END /tmp/ffmpeg-conf--24005-.c
gcc -fomit-frame-pointer -g -Wdeclaration-after-statement -Wall -Wno-switch -Wdisabled-optimization -Wpointer-arith -Wredundant-decls -Wno-pointer-sign -O3 -c -o /tmp/ffmpeg-conf--24005-.o /tmp/ffmpeg-conf--24005-.c
/tmp/cccfB8M5.s: Assembler messages:
/tmp/cccfB8M5.s:5: Error: alignment not a power of 2
